2011-06-10 17:52:14,173 [pool-1-thread-1] INFO  o.r.screen.ScreenClientHandler - channel opened: [id: 0x01fcf790] OPEN
2011-06-10 17:52:14,313 [New I/O client worker #1-1] INFO  o.r.s.ScreenClientHandshakeHandler - connected, starting handshake
2011-06-10 17:52:14,323 [New I/O client worker #1-1] INFO  com.flazr.rtmp.RtmpHandshake - using client version 00000000
2011-06-10 17:52:14,323 [New I/O client worker #1-1] INFO  o.r.screen.ScreenClientHandler - handshake complete, sending 'connect'
2011-06-10 17:52:14,333 [New I/O client worker #1-1] INFO  o.r.screen.ScreenClientHandler - sending command (expecting result): [0 COMMAND_AMF0 c3 #0 t0 (0) s0] name: connect, transactionId: 1, object: {app=xmpp, flashVer=WIN 9,0,124,2, tcUrl=rtmp://btg199251:1935/xmpp, fpad=false, audioCodecs=1639.0, videoCodecs=252.0, objectEncoding=0.0, capabilities=15.0, videoFunction=1.0}, args: null
2011-06-10 17:52:14,353 [New I/O client worker #1-1] INFO  o.r.screen.ScreenClientHandler - server command: _result
2011-06-10 17:52:14,353 [New I/O client worker #1-1] INFO  o.r.screen.ScreenClientHandler - result for method call: connect
2011-06-10 17:52:14,353 [New I/O client worker #1-1] INFO  o.r.screen.ScreenClientHandler - sending command (expecting result): [0 COMMAND_AMF0 c3 #0 t0 (0) s0] name: createStream, transactionId: 2, object: null, args: []
2011-06-10 17:52:14,363 [New I/O client worker #1-1] INFO  o.r.screen.ScreenClientHandler - server command: _result
2011-06-10 17:52:14,363 [New I/O client worker #1-1] INFO  o.r.screen.ScreenClientHandler - result for method call: createStream
2011-06-10 17:52:14,503 [New I/O client worker #1-1] INFO  o.r.screen.ScreenClientHandler - server command: onStatus
2011-06-10 17:52:14,513 [New I/O client worker #1-1] INFO  o.r.screen.ScreenClientHandler - onStatus code: NetStream.Publish.Start
2011-06-10 17:52:19,570 [New I/O client worker #1-1] INFO  o.r.screen.ScreenClientHandler - ack from server: [1 BYTES_READ c2 #0 t0 (0) s4] 133855
2011-06-10 17:52:26,581 [New I/O client worker #1-1] INFO  o.r.screen.ScreenClientHandler - ack from server: [1 BYTES_READ c2 #0 t0 (0) s4] 258747
2011-06-10 17:52:32,429 [New I/O client worker #1-1] INFO  o.r.screen.ScreenClientHandler - ack from server: [1 BYTES_READ c2 #0 t0 (0) s4] 372949
2011-06-10 17:52:39,800 [New I/O client worker #1-1] INFO  o.r.screen.ScreenClientHandler - ack from server: [1 BYTES_READ c2 #0 t0 (0) s4] 495793
2011-06-10 17:52:45,017 [New I/O client worker #1-1] INFO  o.r.screen.ScreenClientHandler - ack from server: [1 BYTES_READ c2 #0 t0 (0) s4] 615050
2011-06-10 17:52:50,355 [New I/O client worker #1-1] INFO  o.r.screen.ScreenClientHandler - ack from server: [1 BYTES_READ c2 #0 t0 (0) s4] 737913
2011-06-10 17:52:56,484 [New I/O client worker #1-1] INFO  o.r.screen.ScreenClientHandler - ack from server: [1 BYTES_READ c2 #0 t0 (0) s4] 867525
2011-06-10 17:53:01,881 [New I/O client worker #1-1] INFO  o.r.screen.ScreenClientHandler - ack from server: [1 BYTES_READ c2 #0 t0 (0) s4] 984266
2011-06-10 17:53:07,890 [New I/O client worker #1-1] INFO  o.r.screen.ScreenClientHandler - ack from server: [1 BYTES_READ c2 #0 t0 (0) s4] 1106002
2011-06-10 17:53:13,218 [New I/O client worker #1-1] INFO  o.r.screen.ScreenClientHandler - ack from server: [1 BYTES_READ c2 #0 t0 (0) s4] 1234637
2011-06-10 17:53:19,937 [New I/O client worker #1-1] INFO  o.r.screen.ScreenClientHandler - ack from server: [1 BYTES_READ c2 #0 t0 (0) s4] 1360214
2011-06-10 17:53:26,447 [New I/O client worker #1-1] INFO  o.r.screen.ScreenClientHandler - ack from server: [1 BYTES_READ c2 #0 t0 (0) s4] 1484256
2011-06-10 17:53:33,056 [New I/O client worker #1-1] INFO  o.r.screen.ScreenClientHandler - ack from server: [1 BYTES_READ c2 #0 t0 (0) s4] 1609447
2011-06-10 17:53:39,015 [New I/O client worker #1-1] INFO  o.r.screen.ScreenClientHandler - ack from server: [1 BYTES_READ c2 #0 t0 (0) s4] 1720686
2011-06-10 17:53:44,693 [New I/O client worker #1-1] INFO  o.r.screen.ScreenClientHandler - ack from server: [1 BYTES_READ c2 #0 t0 (0) s4] 1843820
2011-06-10 17:53:51,012 [New I/O client worker #1-1] INFO  o.r.screen.ScreenClientHandler - ack from server: [1 BYTES_READ c2 #0 t0 (0) s4] 1970642
2011-06-10 17:53:57,631 [New I/O client worker #1-1] INFO  o.r.screen.ScreenClientHandler - ack from server: [1 BYTES_READ c2 #0 t0 (0) s4] 2099009
2011-06-10 17:54:04,251 [New I/O client worker #1-1] INFO  o.r.screen.ScreenClientHandler - ack from server: [1 BYTES_READ c2 #0 t0 (0) s4] 2227449
2011-06-10 17:54:10,079 [New I/O client worker #1-1] INFO  o.r.screen.ScreenClientHandler - ack from server: [1 BYTES_READ c2 #0 t0 (0) s4] 2334921
2011-06-10 17:54:15,968 [New I/O client worker #1-1] INFO  o.r.screen.ScreenClientHandler - ack from server: [1 BYTES_READ c2 #0 t0 (0) s4] 2458683
2011-06-10 17:54:22,267 [New I/O client worker #1-1] INFO  o.r.screen.ScreenClientHandler - ack from server: [1 BYTES_READ c2 #0 t0 (0) s4] 2587327
2011-06-10 17:54:28,646 [New I/O client worker #1-1] INFO  o.r.screen.ScreenClientHandler - ack from server: [1 BYTES_READ c2 #0 t0 (0) s4] 2715986
2011-06-10 17:54:34,925 [New I/O client worker #1-1] INFO  o.r.screen.ScreenClientHandler - ack from server: [1 BYTES_READ c2 #0 t0 (0) s4] 2826778
2011-06-10 17:54:40,533 [New I/O client worker #1-1] INFO  o.r.screen.ScreenClientHandler - ack from server: [1 BYTES_READ c2 #0 t0 (0) s4] 2949459
2011-06-10 17:54:46,672 [New I/O client worker #1-1] INFO  o.r.screen.ScreenClientHandler - ack from server: [1 BYTES_READ c2 #0 t0 (0) s4] 3076457
2011-06-10 17:54:53,121 [New I/O client worker #1-1] INFO  o.r.screen.ScreenClientHandler - ack from server: [1 BYTES_READ c2 #0 t0 (0) s4] 3211309
2011-06-10 17:54:58,239 [New I/O client worker #1-1] INFO  o.r.screen.ScreenClientHandler - ack from server: [1 BYTES_READ c2 #0 t0 (0) s4] 3333748
2011-06-10 17:54:59,420 [AWT-EventQueue-0] INFO  o.r.screen.ScreenClientHandler - channel closed: [id: 0x01fcf790, /192.168.1.144:1365 => btg199251/192.168.1.144:1935] CLOSED
